<?xml version="1.0" encoding="utf-8"?><testsuites name="pytest tests"><testsuite name="pytest" errors="0" failures="0" skipped="0" tests="23" time="264.154" timestamp="2026-04-16T19:42:37.339606+00:00" hostname="agent-env-eebbd57b-96e6-41e2-81af-8b746d7b833c"><testcase classname="backend.tests.test_api_endpoints.TestAPIRoot" name="test_api_root" time="1.130" /><testcase classname="backend.tests.test_api_endpoints.TestModule1DigitalBooks" name="test_render_book_content" time="1.213" /><testcase classname="backend.tests.test_api_endpoints.TestModule1DigitalBooks" name="test_get_all_books" time="0.752" /><testcase classname="backend.tests.test_api_endpoints.TestModule2ComicScripts" name="test_generate_comic_default_mode" time="43.878" /><testcase classname="backend.tests.test_api_endpoints.TestModule2ComicScripts" name="test_generate_comic_pw_script_writer_mode" time="45.285" /><testcase classname="backend.tests.test_api_endpoints.TestModule2ComicScripts" name="test_generate_comic_pixar_mode" time="58.278" /><testcase classname="backend.tests.test_api_endpoints.TestModule2ComicScripts" name="test_generate_comic_invalid_mode_fallback" time="37.317" /><testcase classname="backend.tests.test_api_endpoints.TestModule2ComicScripts" name="test_generate_panel_image" time="16.595" /><testcase classname="backend.tests.test_api_endpoints.TestModule2ComicScripts" name="test_get_all_comics" time="1.391" /><testcase classname="backend.tests.test_api_endpoints.TestModule3VideoSolutions" name="test_create_video_solution" time="2.560" /><testcase classname="backend.tests.test_api_endpoints.TestModule3VideoSolutions" name="test_download_video" time="3.405" /><testcase classname="backend.tests.test_api_endpoints.TestModule3VideoSolutions" name="test_download_nonexistent_video" time="0.846" /><testcase classname="backend.tests.test_api_endpoints.TestModule3VideoSolutions" name="test_get_all_videos" time="0.733" /><testcase classname="backend.tests.test_api_endpoints.TestModule4AIPrompts" name="test_create_ai_prompt" time="0.877" /><testcase classname="backend.tests.test_api_endpoints.TestModule4AIPrompts" name="test_get_all_prompts" time="0.734" /><testcase classname="backend.tests.test_api_endpoints.TestModule5SharedLibrary" name="test_publish_to_library" time="0.714" /><testcase classname="backend.tests.test_api_endpoints.TestModule5SharedLibrary" name="test_get_library_items_all" time="0.734" /><testcase classname="backend.tests.test_api_endpoints.TestModule5SharedLibrary" name="test_get_library_items_filtered_by_type" time="1.418" /><testcase classname="backend.tests.test_api_endpoints.TestModule5SharedLibrary" name="test_get_library_item_by_id" time="1.445" /><testcase classname="backend.tests.test_api_endpoints.TestModule5SharedLibrary" name="test_get_nonexistent_library_item" time="0.728" /><testcase classname="backend.tests.test_api_endpoints.TestModule5SharedLibrary" name="test_publish_video_prompt_type" time="0.729" /><testcase classname="backend.tests.test_api_endpoints.TestDataPersistence" name="test_comic_persistence" time="41.856" /><testcase classname="backend.tests.test_api_endpoints.TestDataPersistence" name="test_library_persistence" time="1.415" /></testsuite></testsuites>